
An unexpected exception has been detected in native code outside the VM.
Unexpected Signal : EXCEPTION_ACCESS_VIOLATION occurred at PC=0x6d043c7a
Function name=Java_sun_java2d_loops_DefaultComponent_IntIsomorphicCopy
Library=D:\MATLAB6p5p1\sys\java\jre\win32\jre\bin\awt.dll

Current Java thread:
	at sun.java2d.loops.DefaultComponent.IntIsomorphicCopy(Native Method)
	at sun.java2d.loops.IntRgbToIntRgb.OpaqueBlit(Unknown Source)
	at sun.java2d.loops.RasterOutputManager.performOpaqueBlit(Unknown Source)
	at sun.java2d.loops.RasterOutputManager.compositeSrcDst(Unknown Source)
	at sun.java2d.loops.RasterOutputManager.renderImage(Unknown Source)
	at sun.java2d.SunGraphics2D.renderingPipeImage(Unknown Source)
	at sun.java2d.SunGraphics2D.drawImage(Unknown Source)
	at sun.awt.windows.WGraphics.drawImage(Unknown Source)
	at com.mathworks.mwt.text.MWTextView$TextCanvas.paint(MWTextView.java:6745)
	at java.awt.GraphicsCallback$PaintCallback.run(Unknown Source)
	at sun.awt.SunGraphicsCallback.runOneComponent(Unknown Source)
	at sun.awt.SunGraphicsCallback.runComponents(Unknown Source)
	at java.awt.Container.paint(Unknown Source)
	at java.awt.GraphicsCallback$PaintCallback.run(Unknown Source)
	at sun.awt.SunGraphicsCallback.runOneComponent(Unknown Source)
	at sun.awt.SunGraphicsCallback.runComponents(Unknown Source)
	at java.awt.Container.paint(Unknown Source)
	at com.mathworks.mwt.text.MWTextView.paint(MWTextView.java:3166)
	at java.awt.GraphicsCallback$PaintCallback.run(Unknown Source)
	at sun.awt.SunGraphicsCallback.runOneComponent(Unknown Source)
	at sun.awt.SunGraphicsCallback.runComponents(Unknown Source)
	at java.awt.Container.paint(Unknown Source)
	at com.mathworks.mwt.text.MWTextComponent.paint(MWTextComponent.java:736)
	at java.awt.GraphicsCallback$PaintCallback.run(Unknown Source)
	at sun.awt.SunGraphicsCallback.runOneComponent(Unknown Source)
	at sun.awt.SunGraphicsCallback.runComponents(Unknown Source)
	at java.awt.Container.paint(Unknown Source)
	at com.mathworks.mwt.MWPanel.bufferedPaint(MWPanel.java:307)
	at com.mathworks.mwt.MWPanel.paint(MWPanel.java:336)
	at java.awt.GraphicsCallback$PaintCallback.run(Unknown Source)
	at sun.awt.SunGraphicsCallback.runOneComponent(Unknown Source)
	at sun.awt.SunGraphicsCallback.runComponents(Unknown Source)
	at java.awt.Container.paint(Unknown Source)
	at com.mathworks.mwt.MWPanel.bufferedPaint(MWPanel.java:307)
	at com.mathworks.mwt.MWPanel.paint(MWPanel.java:336)
	at java.awt.GraphicsCallback$PaintCallback.run(Unknown Source)
	at sun.awt.SunGraphicsCallback.runOneComponent(Unknown Source)
	at sun.awt.SunGraphicsCallback.runComponents(Unknown Source)
	at java.awt.Container.paint(Unknown Source)
	at com.mathworks.mwt.MWPanel.bufferedPaint(MWPanel.java:307)
	at com.mathworks.mwt.MWPanel.paint(MWPanel.java:336)
	at java.awt.GraphicsCallback$PaintCallback.run(Unknown Source)
	at sun.awt.SunGraphicsCallback.runOneComponent(Unknown Source)
	at sun.awt.SunGraphicsCallback.runComponents(Unknown Source)
	at java.awt.Container.paint(Unknown Source)
	at java.awt.GraphicsCallback$PaintCallback.run(Unknown Source)
	at sun.awt.SunGraphicsCallback.runOneComponent(Unknown Source)
	at sun.awt.SunGraphicsCallback.runComponents(Unknown Source)
	at java.awt.Container.paint(Unknown Source)
	at com.mathworks.mwt.MWPanel.bufferedPaint(MWPanel.java:307)
	at com.mathworks.mwt.MWGroupbox.bufferedPaint(MWGroupbox.java:944)
	at com.mathworks.mwt.MWPanel.paint(MWPanel.java:336)
	at java.awt.GraphicsCallback$PaintCallback.run(Unknown Source)
	at sun.awt.SunGraphicsCallback.runOneComponent(Unknown Source)
	at sun.awt.SunGraphicsCallback.runComponents(Unknown Source)
	at java.awt.Container.paint(Unknown Source)
	at com.mathworks.mwt.MWPanel.bufferedPaint(MWPanel.java:307)
	at com.mathworks.mwt.MWPanel.paint(MWPanel.java:336)
	at java.awt.GraphicsCallback$PaintCallback.run(Unknown Source)
	at sun.awt.SunGraphicsCallback.runOneComponent(Unknown Source)
	at sun.awt.SunGraphicsCallback.runComponents(Unknown Source)
	at java.awt.Container.paint(Unknown Source)
	at com.mathworks.ide.desktop.DTClientFrame.paint(DTClientFrame.java:1194)
	at java.awt.GraphicsCallback$PaintCallback.run(Unknown Source)
	at sun.awt.SunGraphicsCallback.runOneComponent(Unknown Source)
	at sun.awt.SunGraphicsCallback.runComponents(Unknown Source)
	at java.awt.Container.paint(Unknown Source)
	at java.awt.GraphicsCallback$PaintCallback.run(Unknown Source)
	at sun.awt.SunGraphicsCallback.runOneComponent(Unknown Source)
	at sun.awt.SunGraphicsCallback.runComponents(Unknown Source)
	at java.awt.Container.paint(Unknown Source)
	at com.mathworks.mwt.MWPanel.bufferedPaint(MWPanel.java:307)
	at com.mathworks.mwt.MWPanel.paint(MWPanel.java:336)
	at java.awt.GraphicsCallback$PaintCallback.run(Unknown Source)
	at sun.awt.SunGraphicsCallback.runOneComponent(Unknown Source)
	at sun.awt.SunGraphicsCallback.runComponents(Unknown Source)
	at java.awt.Container.paint(Unknown Source)
	at com.mathworks.mwt.MWFrame.paint(MWFrame.java:1235)
	at com.mathworks.mwt.MWFrame.update(MWFrame.java:1323)
	at com.mathworks.ide.desktop.DTExternalFrame.update(DTExternalFrame.java:551)
	at sun.awt.RepaintArea.update(Unknown Source)
	at sun.awt.windows.WComponentPeer.handleEvent(Unknown Source)
	at java.awt.Component.dispatchEventImpl(Unknown Source)
	at java.awt.Container.dispatchEventImpl(Unknown Source)
	at java.awt.Window.dispatchEventImpl(Unknown Source)
	at java.awt.Component.dispatchEvent(Unknown Source)
	at java.awt.EventQueue.dispatchEvent(Unknown Source)
	at java.awt.EventDispatchThread.pumpOneEventForHierarchy(Unknown Source)
	at java.awt.EventDispatchThread.pumpEventsForHierarchy(Unknown Source)
	at java.awt.EventDispatchThread.pumpEvents(Unknown Source)
	at java.awt.EventDispatchThread.run(Unknown Source)

Dynamic libraries:
0x00400000 - 0x0041B000 	d:\MATLAB6p5p1\bin\win32\meditor.exe
0x7C920000 - 0x7C9B4000 	C:\WINDOWS\system32\ntdll.dll
0x7C800000 - 0x7C91D000 	C:\WINDOWS\system32\kernel32.dll
0x77D10000 - 0x77D9F000 	C:\WINDOWS\system32\USER32.dll
0x77EF0000 - 0x77F37000 	C:\WINDOWS\system32\GDI32.dll
0x76300000 - 0x7631D000 	C:\WINDOWS\system32\IMM32.DLL
0x77DA0000 - 0x77E49000 	C:\WINDOWS\system32\ADVAPI32.dll
0x77E50000 - 0x77EE1000 	C:\WINDOWS\system32\RPCRT4.dll
0x62C20000 - 0x62C29000 	C:\WINDOWS\system32\LPK.DLL
0x73FA0000 - 0x7400B000 	C:\WINDOWS\system32\USP10.dll
0x77BE0000 - 0x77C38000 	C:\WINDOWS\system32\msvcrt.dll
0x5ADC0000 - 0x5ADF7000 	C:\WINDOWS\system32\uxtheme.dll
0x73640000 - 0x7366E000 	C:\WINDOWS\system32\msctfime.ime
0x76990000 - 0x76ACD000 	C:\WINDOWS\system32\ole32.dll
0x6D420000 - 0x6D4EE000 	d:\matlab6p5p1\sys\java\jre\win32\jre\bin\hotspot\jvm.dll
0x76B10000 - 0x76B3A000 	C:\WINDOWS\system32\WINMM.dll
0x6D220000 - 0x6D227000 	d:\matlab6p5p1\sys\java\jre\win32\jre\bin\hpi.dll
0x6D3B0000 - 0x6D3BD000 	d:\matlab6p5p1\sys\java\jre\win32\jre\bin\verify.dll
0x6D250000 - 0x6D266000 	d:\matlab6p5p1\sys\java\jre\win32\jre\bin\java.dll
0x6D3C0000 - 0x6D3CD000 	d:\matlab6p5p1\sys\java\jre\win32\jre\bin\zip.dll
0x6D020000 - 0x6D128000 	D:\MATLAB6p5p1\sys\java\jre\win32\jre\bin\awt.dll
0x72F70000 - 0x72F96000 	C:\WINDOWS\system32\WINSPOOL.DRV
0x6D1E0000 - 0x6D21B000 	D:\MATLAB6p5p1\sys\java\jre\win32\jre\bin\fontmanager.dll
0x69500000 - 0x69882000 	C:\WINDOWS\system32\nvoglnt.dll
0x7AF80000 - 0x7AF97000 	D:\MATLAB6p5p1\bin\win32\nativejava.dll
0x76320000 - 0x76367000 	C:\WINDOWS\system32\comdlg32.dll
0x77F40000 - 0x77FB6000 	C:\WINDOWS\system32\SHLWAPI.dll
0x5D170000 - 0x5D20A000 	C:\WINDOWS\system32\COMCTL32.dll
0x7D590000 - 0x7DD82000 	C:\WINDOWS\system32\SHELL32.dll
0x77180000 - 0x77283000 	C:\WINDOWS\WinSxS\x86_Microsoft.Windows.Common-Controls_6595b64144ccf1df_6.0.2600.2982_x-ww_ac3f9c03\comctl32.dll
0x736D0000 - 0x73719000 	C:\WINDOWS\system32\ddraw.dll
0x73B30000 - 0x73B36000 	C:\WINDOWS\system32\DCIMAN32.dll
0x76C60000 - 0x76C88000 	C:\WINDOWS\system32\imagehlp.dll
0x68D60000 - 0x68E01000 	C:\WINDOWS\system32\DBGHELP.dll
0x77BD0000 - 0x77BD8000 	C:\WINDOWS\system32\VERSION.dll
0x76BC0000 - 0x76BCB000 	C:\WINDOWS\system32\PSAPI.DLL

Local Time = Mon Jul 02 08:50:00 2007
Elapsed Time = 965
#
# The exception above was detected in native code outside the VM
#
# Java VM: Java HotSpot(TM) Client VM (1.3.1_01 mixed mode)
#
